2025-01-24T16:18:23.283+09:00  INFO 7096 --- [MusinsaBackend] [restartedMain] c.e.m.MusinsaBackendApplication          : Starting MusinsaBackendApplication using Java 17.0.13 with PID 7096 (D:\WorkDir\Musinsa_WS\musinsa-backend\build\classes\java\main started by tjoeun in D:\WorkDir\Musinsa_WS\musinsa-backend)
2025-01-24T16:18:23.284+09:00 DEBUG 7096 --- [MusinsaBackend] [restartedMain] c.e.m.MusinsaBackendApplication          : Running with Spring Boot v3.4.1, Spring v6.2.1
2025-01-24T16:18:23.284+09:00  INFO 7096 --- [MusinsaBackend] [restartedMain] c.e.m.MusinsaBackendApplication          : No active profile set, falling back to 1 default profile: "default"
2025-01-24T16:18:23.549+09:00  INFO 7096 --- [MusinsaBackend] [restartedMain] .s.d.r.c.RepositoryConfigurationDelegate : Bootstrapping Spring Data JPA repositories in DEFAULT mode.
2025-01-24T16:18:23.572+09:00  INFO 7096 --- [MusinsaBackend] [restartedMain] .s.d.r.c.RepositoryConfigurationDelegate : Finished Spring Data repository scanning in 20 ms. Found 4 JPA repository interfaces.
2025-01-24T16:18:23.715+09:00  WARN 7096 --- [MusinsaBackend] [restartedMain] trationDelegate$BeanPostProcessorChecker : Bean 'org.springframework.ws.config.annotation.DelegatingWsConfiguration' of type [org.springframework.ws.config.annotation.DelegatingWsConfiguration$$SpringCGLIB$$0] is not eligible for getting processed by all BeanPostProcessors (for example: not eligible for auto-proxying). The currently created BeanPostProcessor [annotationActionEndpointMapping] is declared through a non-static factory method on that class; consider declaring it as static instead.
2025-01-24T16:18:23.720+09:00  INFO 7096 --- [MusinsaBackend] [restartedMain] .w.s.a.s.AnnotationActionEndpointMapping : Supporting [WS-Addressing August 2004, WS-Addressing 1.0]
2025-01-24T16:18:23.795+09:00  INFO 7096 --- [MusinsaBackend] [restartedMain] o.s.b.w.embedded.tomcat.TomcatWebServer  : Tomcat initialized with port 8080 (http)
2025-01-24T16:18:23.800+09:00  INFO 7096 --- [MusinsaBackend] [restartedMain] o.apache.catalina.core.StandardService   : Starting service [Tomcat]
2025-01-24T16:18:23.801+09:00  INFO 7096 --- [MusinsaBackend] [restartedMain] o.apache.catalina.core.StandardEngine    : Starting Servlet engine: [Apache Tomcat/10.1.34]
2025-01-24T16:18:23.851+09:00  INFO 7096 --- [MusinsaBackend] [restartedMain] o.a.c.c.C.[Tomcat].[localhost].[/]       : Initializing Spring embedded WebApplicationContext
2025-01-24T16:18:23.851+09:00  INFO 7096 --- [MusinsaBackend] [restartedMain] w.s.c.ServletWebServerApplicationContext : Root WebApplicationContext: initialization completed in 565 ms
2025-01-24T16:18:23.997+09:00  INFO 7096 --- [MusinsaBackend] [restartedMain] o.hibernate.jpa.internal.util.LogHelper  : HHH000204: Processing PersistenceUnitInfo [name: default]
2025-01-24T16:18:24.002+09:00  INFO 7096 --- [MusinsaBackend] [restartedMain] o.h.c.internal.RegionFactoryInitiator    : HHH000026: Second-level cache disabled
2025-01-24T16:18:24.038+09:00  INFO 7096 --- [MusinsaBackend] [restartedMain] o.s.o.j.p.SpringPersistenceUnitInfo      : No LoadTimeWeaver setup: ignoring JPA class transformer
2025-01-24T16:18:24.041+09:00  INFO 7096 --- [MusinsaBackend] [restartedMain] com.zaxxer.hikari.HikariDataSource       : HikariPool-2 - Starting...
2025-01-24T16:18:24.045+09:00  INFO 7096 --- [MusinsaBackend] [restartedMain] com.zaxxer.hikari.pool.HikariPool        : HikariPool-2 - Added connection com.mysql.cj.jdbc.ConnectionImpl@5e5d4cdd
2025-01-24T16:18:24.045+09:00  INFO 7096 --- [MusinsaBackend] [restartedMain] com.zaxxer.hikari.HikariDataSource       : HikariPool-2 - Start completed.
2025-01-24T16:18:24.059+09:00  WARN 7096 --- [MusinsaBackend] [restartedMain] org.hibernate.orm.deprecation            : HHH90000025: MySQL8Dialect does not need to be specified explicitly using 'hibernate.dialect' (remove the property setting and it will be selected by default)
2025-01-24T16:18:24.059+09:00  WARN 7096 --- [MusinsaBackend] [restartedMain] org.hibernate.orm.deprecation            : HHH90000026: MySQL8Dialect has been deprecated; use org.hibernate.dialect.MySQLDialect instead
2025-01-24T16:18:24.060+09:00  INFO 7096 --- [MusinsaBackend] [restartedMain] org.hibernate.orm.connections.pooling    : HHH10001005: Database info:
	Database JDBC URL [Connecting through datasource 'HikariDataSource (HikariPool-2)']
	Database driver: undefined/unknown
	Database version: 8.0
	Autocommit mode: undefined/unknown
	Isolation level: undefined/unknown
	Minimum pool size: undefined/unknown
	Maximum pool size: undefined/unknown
2025-01-24T16:18:24.650+09:00  INFO 7096 --- [MusinsaBackend] [restartedMain] o.h.e.t.j.p.i.JtaPlatformInitiator       : HHH000489: No JTA platform available (set 'hibernate.transaction.jta.platform' to enable JTA platform integration)
2025-01-24T16:18:24.682+09:00  INFO 7096 --- [MusinsaBackend] [restartedMain] j.LocalContainerEntityManagerFactoryBean : Initialized JPA EntityManagerFactory for persistence unit 'default'
2025-01-24T16:18:24.761+09:00  INFO 7096 --- [MusinsaBackend] [restartedMain] c.e.musinsabackend.service.UserService   : Loaded SECRET_KEY: asd1234asd1234asd1234asd1234asd1234
2025-01-24T16:18:24.805+09:00  WARN 7096 --- [MusinsaBackend] [restartedMain] JpaBaseConfiguration$JpaWebConfiguration : spring.jpa.open-in-view is enabled by default. Therefore, database queries may be performed during view rendering. Explicitly configure spring.jpa.open-in-view to disable this warning
2025-01-24T16:18:24.818+09:00  WARN 7096 --- [MusinsaBackend] [restartedMain] .s.s.UserDetailsServiceAutoConfiguration : 

Using generated security password: 3572c4c0-d4ff-43ca-a14c-ed5a0ef40906

This generated password is for development use only. Your security configuration must be updated before running your application in production.

2025-01-24T16:18:24.819+09:00  INFO 7096 --- [MusinsaBackend] [restartedMain] r$InitializeUserDetailsManagerConfigurer : Global AuthenticationManager configured with UserDetailsService bean with name inMemoryUserDetailsManager
2025-01-24T16:18:24.847+09:00 DEBUG 7096 --- [MusinsaBackend] [restartedMain] s.w.s.m.m.a.RequestMappingHandlerMapping : 18 mappings in 'requestMappingHandlerMapping'
2025-01-24T16:18:24.887+09:00 DEBUG 7096 --- [MusinsaBackend] [restartedMain] o.s.w.s.handler.SimpleUrlHandlerMapping  : Patterns [/webjars/**, /**] in 'resourceHandlerMapping'
2025-01-24T16:18:24.915+09:00 DEBUG 7096 --- [MusinsaBackend] [restartedMain] s.w.s.m.m.a.RequestMappingHandlerAdapter : ControllerAdvice beans: 0 @ModelAttribute, 0 @InitBinder, 1 RequestBodyAdvice, 1 ResponseBodyAdvice
2025-01-24T16:18:24.927+09:00 DEBUG 7096 --- [MusinsaBackend] [restartedMain] .m.m.a.ExceptionHandlerExceptionResolver : ControllerAdvice beans: 0 @ExceptionHandler, 1 ResponseBodyAdvice
2025-01-24T16:18:24.995+09:00  INFO 7096 --- [MusinsaBackend] [restartedMain] o.s.b.d.a.OptionalLiveReloadServer       : LiveReload server is running on port 35729
2025-01-24T16:18:25.007+09:00  INFO 7096 --- [MusinsaBackend] [restartedMain] o.s.b.w.embedded.tomcat.TomcatWebServer  : Tomcat started on port 8080 (http) with context path '/'
2025-01-24T16:18:25.011+09:00  INFO 7096 --- [MusinsaBackend] [restartedMain] c.e.m.MusinsaBackendApplication          : Started MusinsaBackendApplication in 1.753 seconds (process running for 441.747)
2025-01-24T16:18:25.014+09:00  INFO 7096 --- [MusinsaBackend] [restartedMain] .ConditionEvaluationDeltaLoggingListener : Condition evaluation unchanged
2025-01-24T16:18:32.517+09:00  INFO 7096 --- [MusinsaBackend] [File Watcher] rtingClassPathChangeChangedEventListener : Restarting due to 1 class path change (0 additions, 0 deletions, 1 modification)
2025-01-24T16:18:32.518+09:00  INFO 7096 --- [MusinsaBackend] [Thread-7] o.s.b.w.e.tomcat.GracefulShutdown        : Commencing graceful shutdown. Waiting for active requests to complete
2025-01-24T16:18:32.545+09:00  INFO 7096 --- [MusinsaBackend] [tomcat-shutdown] o.s.b.w.e.tomcat.GracefulShutdown        : Graceful shutdown complete
2025-01-24T16:18:32.549+09:00  INFO 7096 --- [MusinsaBackend] [Thread-7] j.LocalContainerEntityManagerFactoryBean : Closing JPA EntityManagerFactory for persistence unit 'default'
2025-01-24T16:18:32.549+09:00  INFO 7096 --- [MusinsaBackend] [Thread-7] com.zaxxer.hikari.HikariDataSource       : HikariPool-2 - Shutdown initiated...
2025-01-24T16:18:32.551+09:00  INFO 7096 --- [MusinsaBackend] [Thread-7] com.zaxxer.hikari.HikariDataSource       : HikariPool-2 - Shutdown completed.
